[ 2017-04-17T00:00:06+08:00 ] 127.0.0.1 /CoolBox/coolbox/index.php/Home/User/action
INFO: [ app_begin ] --START--
INFO: Run Behavior\ReadHtmlCacheBehavior [ RunTime:0.000000s ]
INFO: [ app_begin ] --END-- [ RunTime:0.000000s ]
SQL: SELECT * FROM `f_user` WHERE ( user_name ='admin' )  [ RunTime:0.0010s ]
NOTIC: [8] Undefined index: user_pwd D:\wamp\www\0322\CoolBox\coolbox\Home\Controller\UserController.class.php 第 42 行.
NOTIC: [8] Undefined index: user_id D:\wamp\www\0322\CoolBox\coolbox\Home\Controller\UserController.class.php 第 47 行.
INFO: [ app_end ] --START--
INFO: Run Behavior\ShowPageTraceBehavior [ RunTime:0.001000s ]
INFO: [ app_end ] --END-- [ RunTime:0.001000s ]

[ 2017-04-17T00:10:06+08:00 ] 127.0.0.1 /CoolBox/coolbox/index.php/Home/User/action
INFO: [ app_begin ] --START--
INFO: Run Behavior\ReadHtmlCacheBehavior [ RunTime:0.001000s ]
INFO: [ app_begin ] --END-- [ RunTime:0.001000s ]
SQL: SELECT * FROM `f_user` WHERE ( user_name ='admin' )  [ RunTime:0.0000s ]
NOTIC: [8] Undefined index: user_pwd D:\wamp\www\0322\CoolBox\coolbox\Home\Controller\UserController.class.php 第 42 行.
NOTIC: [8] Undefined index: user_id D:\wamp\www\0322\CoolBox\coolbox\Home\Controller\UserController.class.php 第 47 行.
INFO: [ app_end ] --START--
INFO: Run Behavior\ShowPageTraceBehavior [ RunTime:0.000000s ]
INFO: [ app_end ] --END-- [ RunTime:0.000000s ]

[ 2017-04-17T00:12:04+08:00 ] 127.0.0.1 /CoolBox/coolbox/index.php/Home/User/action
INFO: [ app_begin ] --START--
INFO: Run Behavior\ReadHtmlCacheBehavior [ RunTime:0.001001s ]
INFO: [ app_begin ] --END-- [ RunTime:0.001001s ]
SQL: SELECT * FROM `f_user` WHERE ( user_name ='admin' )  [ RunTime:0.0000s ]
NOTIC: [8] Undefined index: user_pwd D:\wamp\www\0322\CoolBox\coolbox\Home\Controller\UserController.class.php 第 42 行.
NOTIC: [8] Undefined index: user_id D:\wamp\www\0322\CoolBox\coolbox\Home\Controller\UserController.class.php 第 47 行.
INFO: [ app_end ] --START--
INFO: Run Behavior\ShowPageTraceBehavior [ RunTime:0.000000s ]
INFO: [ app_end ] --END-- [ RunTime:0.000000s ]

[ 2017-04-17T00:16:54+08:00 ] 127.0.0.1 /CoolBox/coolbox/index.php/Home/User/action
INFO: [ app_begin ] --START--
INFO: Run Behavior\ReadHtmlCacheBehavior [ RunTime:0.001000s ]
INFO: [ app_begin ] --END-- [ RunTime:0.001000s ]
SQL: SELECT * FROM `f_user` WHERE ( user_name ='admin' )  [ RunTime:0.0000s ]
NOTIC: [8] Undefined index: user_pwd D:\wamp\www\0322\CoolBox\coolbox\Home\Controller\UserController.class.php 第 42 行.
NOTIC: [8] Undefined index: user_id D:\wamp\www\0322\CoolBox\coolbox\Home\Controller\UserController.class.php 第 47 行.
INFO: [ app_end ] --START--
INFO: Run Behavior\ShowPageTraceBehavior [ RunTime:0.000000s ]
INFO: [ app_end ] --END-- [ RunTime:0.001000s ]

[ 2017-04-17T00:19:04+08:00 ] 127.0.0.1 /CoolBox/coolbox/index.php/Home/User/action
INFO: [ app_begin ] --START--
INFO: Run Behavior\ReadHtmlCacheBehavior [ RunTime:0.001000s ]
INFO: [ app_begin ] --END-- [ RunTime:0.001000s ]
SQL: SELECT * FROM `f_user` WHERE ( user_name ='123456' )  [ RunTime:0.0010s ]

[ 2017-04-17T00:21:07+08:00 ] 127.0.0.1 /CoolBox/coolbox/index.php/Home/User/action
INFO: [ app_begin ] --START--
INFO: Run Behavior\ReadHtmlCacheBehavior [ RunTime:0.001000s ]
INFO: [ app_begin ] --END-- [ RunTime:0.001000s ]
SQL: SELECT * FROM `f_user` WHERE ( user_name ='1234568546' )  [ RunTime:0.0010s ]
SQL: INSERT INTO `f_user` (`user_name`,`user_psw`,`user_email`) VALUES ('1234568546','123456','123456') [ RunTime:0.0010s ]
INFO: [ app_end ] --START--
INFO: Run Behavior\ShowPageTraceBehavior [ RunTime:0.000000s ]
INFO: [ app_end ] --END-- [ RunTime:0.001000s ]

[ 2017-04-17T00:21:16+08:00 ] 127.0.0.1 /CoolBox/coolbox/index.php/Home/User/action
INFO: [ app_begin ] --START--
INFO: Run Behavior\ReadHtmlCacheBehavior [ RunTime:0.001000s ]
INFO: [ app_begin ] --END-- [ RunTime:0.002000s ]
SQL: SELECT * FROM `f_user` WHERE ( user_name ='1234568546' )  [ RunTime:0.0000s ]

[ 2017-04-17T00:23:28+08:00 ] 127.0.0.1 /CoolBox/coolbox/index.php/Home/User/action
INFO: [ app_begin ] --START--
INFO: Run Behavior\ReadHtmlCacheBehavior [ RunTime:0.001000s ]
INFO: [ app_begin ] --END-- [ RunTime:0.001000s ]
SQL: SELECT * FROM `f_user` WHERE ( user_name ='123456854' )  [ RunTime:0.0010s ]
SQL: INSERT INTO `f_user` (`user_name`,`user_psw`,`user_email`) VALUES ('123456854','123456','123456') [ RunTime:0.0020s ]
INFO: [ app_end ] --START--
INFO: Run Behavior\ShowPageTraceBehavior [ RunTime:0.001000s ]
INFO: [ app_end ] --END-- [ RunTime:0.001000s ]

[ 2017-04-17T00:23:53+08:00 ] 127.0.0.1 /CoolBox/coolbox/index.php/Home/User/action
INFO: [ app_begin ] --START--
INFO: Run Behavior\ReadHtmlCacheBehavior [ RunTime:0.001000s ]
INFO: [ app_begin ] --END-- [ RunTime:0.002000s ]
SQL: SELECT * FROM `f_user` WHERE ( user_name ='123456854' )  [ RunTime:0.0000s ]

[ 2017-04-17T00:23:58+08:00 ] 127.0.0.1 /CoolBox/coolbox/index.php/Home/User/action
INFO: [ app_begin ] --START--
INFO: Run Behavior\ReadHtmlCacheBehavior [ RunTime:0.001000s ]
INFO: [ app_begin ] --END-- [ RunTime:0.002000s ]
SQL: SELECT * FROM `f_user` WHERE ( user_name ='1234568' )  [ RunTime:0.0010s ]
SQL: INSERT INTO `f_user` (`user_name`,`user_psw`,`user_email`) VALUES ('1234568','123456','123456') [ RunTime:0.0010s ]
INFO: [ app_end ] --START--
INFO: Run Behavior\ShowPageTraceBehavior [ RunTime:0.000000s ]
INFO: [ app_end ] --END-- [ RunTime:0.000000s ]

[ 2017-04-17T00:26:18+08:00 ] 127.0.0.1 /CoolBox/coolbox/index.php/Home/User/action
INFO: [ app_begin ] --START--
INFO: Run Behavior\ReadHtmlCacheBehavior [ RunTime:0.000000s ]
INFO: [ app_begin ] --END-- [ RunTime:0.002000s ]
SQL: SELECT * FROM `f_user` WHERE ( user_name ='1234568' )  [ RunTime:0.0010s ]

[ 2017-04-17T00:26:29+08:00 ] 127.0.0.1 /CoolBox/coolbox/index.php/Home/User/action
INFO: [ app_begin ] --START--
INFO: Run Behavior\ReadHtmlCacheBehavior [ RunTime:0.000000s ]
INFO: [ app_begin ] --END-- [ RunTime:0.001000s ]
SQL: SELECT * FROM `f_user` WHERE ( user_name ='5789654' )  [ RunTime:0.0000s ]
SQL: INSERT INTO `f_user` (`user_name`,`user_psw`,`user_email`) VALUES ('5789654','564843','564894') [ RunTime:0.0020s ]
INFO: [ app_end ] --START--
INFO: Run Behavior\ShowPageTraceBehavior [ RunTime:0.000000s ]
INFO: [ app_end ] --END-- [ RunTime:0.001000s ]

[ 2017-04-17T00:27:52+08:00 ] 127.0.0.1 /CoolBox/coolbox/index.php/Home/User/action
INFO: [ app_begin ] --START--
INFO: Run Behavior\ReadHtmlCacheBehavior [ RunTime:0.001000s ]
INFO: [ app_begin ] --END-- [ RunTime:0.002000s ]
SQL: SELECT * FROM `f_user` WHERE ( user_name ='admin' )  [ RunTime:0.0010s ]
NOTIC: [8] Undefined index: user_pwd D:\wamp\www\0322\CoolBox\coolbox\Home\Controller\UserController.class.php 第 42 行.
NOTIC: [8] Undefined index: user_id D:\wamp\www\0322\CoolBox\coolbox\Home\Controller\UserController.class.php 第 47 行.
INFO: [ app_end ] --START--
INFO: Run Behavior\ShowPageTraceBehavior [ RunTime:0.000000s ]
INFO: [ app_end ] --END-- [ RunTime:0.000000s ]

[ 2017-04-17T00:31:13+08:00 ] 127.0.0.1 /CoolBox/coolbox/index.php/Home/User/action
INFO: [ app_begin ] --START--
INFO: Run Behavior\ReadHtmlCacheBehavior [ RunTime:0.001000s ]
INFO: [ app_begin ] --END-- [ RunTime:0.016600s ]
SQL: SELECT * FROM `f_user` WHERE ( user_name ='78641315' )  [ RunTime:0.0010s ]
SQL: INSERT INTO `f_user` (`user_name`,`user_psw`,`user_email`) VALUES ('78641315','354683','3546313') [ RunTime:0.0020s ]
INFO: [ app_end ] --START--
INFO: Run Behavior\ShowPageTraceBehavior [ RunTime:0.001000s ]
INFO: [ app_end ] --END-- [ RunTime:0.002000s ]

[ 2017-04-17T00:33:40+08:00 ] 127.0.0.1 /CoolBox/coolbox/index.php/Home/User/action
INFO: [ app_begin ] --START--
INFO: Run Behavior\ReadHtmlCacheBehavior [ RunTime:0.000000s ]
INFO: [ app_begin ] --END-- [ RunTime:0.001000s ]
SQL: SELECT * FROM `f_user` WHERE ( user_name ='admin' )  [ RunTime:0.0010s ]

[ 2017-04-17T00:33:43+08:00 ] 127.0.0.1 /CoolBox/coolbox/index.php/Home/User/action
INFO: [ app_begin ] --START--
INFO: Run Behavior\ReadHtmlCacheBehavior [ RunTime:0.000000s ]
INFO: [ app_begin ] --END-- [ RunTime:0.000000s ]
SQL: SELECT * FROM `f_user` WHERE ( user_name ='admin' )  [ RunTime:0.0000s ]

[ 2017-04-17T00:33:44+08:00 ] 127.0.0.1 /CoolBox/coolbox/index.php/Home/User/action
INFO: [ app_begin ] --START--
INFO: Run Behavior\ReadHtmlCacheBehavior [ RunTime:0.000000s ]
INFO: [ app_begin ] --END-- [ RunTime:0.000000s ]
SQL: SELECT * FROM `f_user` WHERE ( user_name ='admin' )  [ RunTime:0.0010s ]

[ 2017-04-17T00:34:44+08:00 ] 127.0.0.1 /CoolBox/coolbox/index.php/Home/User/action
INFO: [ app_begin ] --START--
INFO: Run Behavior\ReadHtmlCacheBehavior [ RunTime:0.000000s ]
INFO: [ app_begin ] --END-- [ RunTime:0.000000s ]
SQL: SELECT * FROM `f_user` WHERE ( user_name ='admin' )  [ RunTime:0.0010s ]
INFO: [ app_end ] --START--
INFO: Run Behavior\ShowPageTraceBehavior [ RunTime:0.001000s ]
INFO: [ app_end ] --END-- [ RunTime:0.001000s ]

[ 2017-04-17T00:34:46+08:00 ] 127.0.0.1 /CoolBox/coolbox/index.php/Home/User/action
INFO: [ app_begin ] --START--
INFO: Run Behavior\ReadHtmlCacheBehavior [ RunTime:0.001000s ]
INFO: [ app_begin ] --END-- [ RunTime:0.002000s ]
SQL: SELECT * FROM `f_user` WHERE ( user_name ='admin' )  [ RunTime:0.0000s ]
INFO: [ app_end ] --START--
INFO: Run Behavior\ShowPageTraceBehavior [ RunTime:0.000000s ]
INFO: [ app_end ] --END-- [ RunTime:0.001000s ]

[ 2017-04-17T00:36:46+08:00 ] 127.0.0.1 /CoolBox/coolbox/index.php/Home/User/action
INFO: [ app_begin ] --START--
INFO: Run Behavior\ReadHtmlCacheBehavior [ RunTime:0.000000s ]
INFO: [ app_begin ] --END-- [ RunTime:0.000000s ]

[ 2017-04-17T00:36:48+08:00 ] 127.0.0.1 /CoolBox/coolbox/index.php/Home/User/action
INFO: [ app_begin ] --START--
INFO: Run Behavior\ReadHtmlCacheBehavior [ RunTime:0.001000s ]
INFO: [ app_begin ] --END-- [ RunTime:0.002001s ]

[ 2017-04-17T00:37:20+08:00 ] 127.0.0.1 /CoolBox/coolbox/index.php/Home/User/action
INFO: [ app_begin ] --START--
INFO: Run Behavior\ReadHtmlCacheBehavior [ RunTime:0.000000s ]
INFO: [ app_begin ] --END-- [ RunTime:0.015600s ]
SQL: SELECT * FROM `f_user` WHERE ( user_name ='admin' )  [ RunTime:0.0010s ]
INFO: [ app_end ] --START--
INFO: Run Behavior\ShowPageTraceBehavior [ RunTime:0.001000s ]
INFO: [ app_end ] --END-- [ RunTime:0.001000s ]

[ 2017-04-17T00:37:37+08:00 ] 127.0.0.1 /CoolBox/coolbox/index.php/Home/User/action
INFO: [ app_begin ] --START--
INFO: Run Behavior\ReadHtmlCacheBehavior [ RunTime:0.001000s ]
INFO: [ app_begin ] --END-- [ RunTime:0.001000s ]
SQL: SELECT * FROM `f_user` WHERE ( user_name ='admin' )  [ RunTime:0.0000s ]
SQL: INSERT INTO `f_user` (`user_name`,`user_psw`,`user_email`) VALUES ('admin','admin','1192190875@qq.com') [ RunTime:0.0080s ]
INFO: [ app_end ] --START--
INFO: Run Behavior\ShowPageTraceBehavior [ RunTime:0.001000s ]
INFO: [ app_end ] --END-- [ RunTime:0.001000s ]

[ 2017-04-17T00:38:07+08:00 ] 127.0.0.1 /CoolBox/coolbox/index.php/Home/User/action
INFO: [ app_begin ] --START--
INFO: Run Behavior\ReadHtmlCacheBehavior [ RunTime:0.001000s ]
INFO: [ app_begin ] --END-- [ RunTime:0.001000s ]
SQL: SELECT * FROM `f_user` WHERE ( user_name ='admin' )  [ RunTime:0.0010s ]
INFO: [ app_end ] --START--
INFO: Run Behavior\ShowPageTraceBehavior [ RunTime:0.001000s ]
INFO: [ app_end ] --END-- [ RunTime:0.001000s ]

[ 2017-04-17T00:38:38+08:00 ] 127.0.0.1 /CoolBox/coolbox/index.php/Home/User/action
INFO: [ app_begin ] --START--
INFO: Run Behavior\ReadHtmlCacheBehavior [ RunTime:0.001000s ]
INFO: [ app_begin ] --END-- [ RunTime:0.001000s ]
SQL: SELECT * FROM `f_user` WHERE ( user_name ='admin' )  [ RunTime:0.0000s ]
NOTIC: [8] Undefined variable: _result D:\wamp\www\0322\CoolBox\coolbox\Home\Controller\UserController.class.php 第 41 行.
INFO: [ app_end ] --START--
INFO: Run Behavior\ShowPageTraceBehavior [ RunTime:0.001000s ]
INFO: [ app_end ] --END-- [ RunTime:0.002000s ]

[ 2017-04-17T12:27:36+08:00 ] 127.0.0.1 /coolbox/coolbox/index.php/Home/User/action
INFO: [ app_begin ] --START--
INFO: Run Behavior\ReadHtmlCacheBehavior [ RunTime:0.000000s ]
INFO: [ app_begin ] --END-- [ RunTime:0.000000s ]
SQL: SELECT * FROM `f_user` WHERE ( user_name ='admin' )  [ RunTime:0.0000s ]
NOTIC: [8] Undefined variable: _result D:\wamp\www\0322\CoolBox\coolbox\Home\Controller\UserController.class.php 第 41 行.
INFO: [ app_end ] --START--
INFO: Run Behavior\ShowPageTraceBehavior [ RunTime:0.000000s ]
INFO: [ app_end ] --END-- [ RunTime:0.000000s ]

